24-03-29 13:35:53,907 [DEBUG] [worker_11] : [http|队列还有0个事件]完成事件处理,cmd = /arcx_http/ag_ifo,[time = 0 ms]
24-03-29 13:35:54,018 [DEBUG] [worker_10] : [http|队列还有0个事件]完成事件处理,cmd = /arcx_http/ref_voucher,[time = 6 ms]
24-03-29 13:35:54,083 [DEBUG] [worker_8] : [http|队列还有0个事件]完成事件处理,cmd = /arcx_http/ply_ifo,[time = 1 ms]
24-03-29 13:35:56,169 [DEBUG] [worker_11] : [http|队列还有0个事件]完成事件处理,cmd = /arcx_http/nft_kpk,[time = 0 ms]
24-03-29 13:35:57,214 [DEBUG] [worker_7] : [http|队列还有0个事件]完成事件处理,cmd = /arcx_http/nft_ifo,[time = 0 ms]
24-03-29 13:36:31,879 [DEBUG] [worker_11] : [http|队列还有0个事件]完成事件处理,cmd = /arcx_http/ag_ifo,[time = 0 ms]
24-03-29 13:36:32,147 [DEBUG] [worker_10] : [http|队列还有0个事件]完成事件处理,cmd = /arcx_http/ref_voucher,[time = 103 ms]
24-03-29 13:36:32,322 [DEBUG] [worker_8] : [http|队列还有0个事件]完成事件处理,cmd = /arcx_http/ply_ifo,[time = 0 ms]
24-03-29 13:36:39,525 [DEBUG] [worker_11] : [http|队列还有0个事件]完成事件处理,cmd = /arcx_http/nft_kpk,[time = 0 ms]
24-03-29 13:36:40,366 [DEBUG] [worker_7] : [http|队列还有0个事件]完成事件处理,cmd = /arcx_http/nft_ifo,[time = 1 ms]
24-03-29 13:39:25,504 [DEBUG] [worker_11] : [http|队列还有0个事件]完成事件处理,cmd = /arcx_http/ag_ifo,[time = 0 ms]
24-03-29 13:39:25,628 [DEBUG] [worker_10] : [http|队列还有0个事件]完成事件处理,cmd = /arcx_http/ref_voucher,[time = 19 ms]
24-03-29 13:39:25,693 [DEBUG] [worker_8] : [http|队列还有0个事件]完成事件处理,cmd = /arcx_http/ply_ifo,[time = 0 ms]
24-03-29 13:39:28,361 [DEBUG] [worker_11] : [http|队列还有0个事件]完成事件处理,cmd = /arcx_http/nft_kpk,[time = 1 ms]
24-03-29 13:39:29,418 [DEBUG] [worker_7] : [http|队列还有0个事件]完成事件处理,cmd = /arcx_http/nft_ifo,[time = 0 ms]
24-03-29 13:46:57,214 [DEBUG] [worker_11] : [http|队列还有0个事件]完成事件处理,cmd = /arcx_http/ag_ifo,[time = 0 ms]
24-03-29 13:54:05,397 [DEBUG] [worker_2] : [http|队列还有0个事件]完成事件处理,cmd = /arcx_http/dev_ifo,[time = 0 ms]
24-03-29 13:54:05,411 [DEBUG] [worker_8] : [http|队列还有0个事件]完成事件处理,cmd = /arcx_http/ply_ifo,[time = 0 ms]
24-03-29 13:54:05,412 [DEBUG] [worker_11] : [http|队列还有0个事件]完成事件处理,cmd = /arcx_http/ag_ifo,[time = 0 ms]
24-03-29 13:54:08,269 [DEBUG] [worker_6] : [http|队列还有0个事件]完成事件处理,cmd = /arcx_http/dev_tbln,[time = 1 ms]
24-03-29 13:54:10,013 [DEBUG] [worker_11] : [http|队列还有0个事件]完成事件处理,cmd = /arcx_http/ag_ifo,[time = 1 ms]
24-03-29 13:54:10,019 [DEBUG] [worker_6] : [http|队列还有0个事件]完成事件处理,cmd = /arcx_http/dev_tbln,[time = 0 ms]
24-03-29 13:54:10,021 [DEBUG] [worker_8] : [http|队列还有0个事件]完成事件处理,cmd = /arcx_http/ply_ifo,[time = 0 ms]
24-03-29 13:54:15,960 [DEBUG] [worker_6] : [http|队列还有0个事件]完成事件处理,cmd = /arcx_http/dev_tbln,[time = 1 ms]
24-03-29 13:54:17,915 [DEBUG] [worker_2] : [http|队列还有0个事件]完成事件处理,cmd = /arcx_http/dev_ifo,[time = 1 ms]
24-03-29 13:55:33,483 [DEBUG] [worker_11] : [http|队列还有0个事件]完成事件处理,cmd = /arcx_http/ag_ifo,[time = 0 ms]
24-03-29 13:55:33,487 [DEBUG] [worker_8] : [http|队列还有0个事件]完成事件处理,cmd = /arcx_http/ply_ifo,[time = 0 ms]
24-03-29 13:55:33,515 [DEBUG] [worker_2] : [http|队列还有0个事件]完成事件处理,cmd = /arcx_http/dev_ifo,[time = 0 ms]
24-03-29 13:55:44,453 [DEBUG] [worker_6] : [http|队列还有0个事件]完成事件处理,cmd = /arcx_http/dev_tbln,[time = 0 ms]
